-------------------------------------------------------------------------------
Test set: com.ClinicaOdontologica.Clinica.ClinicaApplicationTests
-------------------------------------------------------------------------------
Tests run: 1, Failures: 0, Errors: 1, Skipped: 0, Time elapsed: 10.242 s <<< FAILURE! - in com.ClinicaOdontologica.Clinica.ClinicaApplicationTests
contextLoads  Time elapsed: 0.005 s  <<< ERROR!
java.lang.IllegalStateException: Failed to load ApplicationContext
Caused by: org.springframework.beans.factory.UnsatisfiedDependencyException: Error creating bean with name 'consultaController': Unsatisfied dependency expressed through field 'service'; nested exception is org.springframework.beans.factory.UnsatisfiedDependencyException: Error creating bean with name 'consultaService': Unsatisfied dependency expressed through field 'consultaRepository'; nested exception is org.springframework.beans.factory.BeanCreationException: Error creating bean with name 'IConsultaRepository' defined in com.ClinicaOdontologica.Clinica.repository.IConsultaRepository defined in @EnableJpaRepositories declared on JpaRepositoriesRegistrar.EnableJpaRepositoriesConfiguration: Invocation of init method failed; nested exception is org.springframework.data.repository.query.QueryCreationException: Could not create query for public abstract java.util.List com.ClinicaOdontologica.Clinica.repository.IConsultaRepository.findConsultaEntityByDentistaId(java.lang.Integer); Reason: Failed to create query for method public abstract java.util.List com.ClinicaOdontologica.Clinica.repository.IConsultaRepository.findConsultaEntityByDentistaId(java.lang.Integer)! No property 'dentistaId' found for type 'ConsultaEntity'; nested exception is java.lang.IllegalArgumentException: Failed to create query for method public abstract java.util.List com.ClinicaOdontologica.Clinica.repository.IConsultaRepository.findConsultaEntityByDentistaId(java.lang.Integer)! No property 'dentistaId' found for type 'ConsultaEntity'
Caused by: org.springframework.beans.factory.UnsatisfiedDependencyException: Error creating bean with name 'consultaService': Unsatisfied dependency expressed through field 'consultaRepository'; nested exception is org.springframework.beans.factory.BeanCreationException: Error creating bean with name 'IConsultaRepository' defined in com.ClinicaOdontologica.Clinica.repository.IConsultaRepository defined in @EnableJpaRepositories declared on JpaRepositoriesRegistrar.EnableJpaRepositoriesConfiguration: Invocation of init method failed; nested exception is org.springframework.data.repository.query.QueryCreationException: Could not create query for public abstract java.util.List com.ClinicaOdontologica.Clinica.repository.IConsultaRepository.findConsultaEntityByDentistaId(java.lang.Integer); Reason: Failed to create query for method public abstract java.util.List com.ClinicaOdontologica.Clinica.repository.IConsultaRepository.findConsultaEntityByDentistaId(java.lang.Integer)! No property 'dentistaId' found for type 'ConsultaEntity'; nested exception is java.lang.IllegalArgumentException: Failed to create query for method public abstract java.util.List com.ClinicaOdontologica.Clinica.repository.IConsultaRepository.findConsultaEntityByDentistaId(java.lang.Integer)! No property 'dentistaId' found for type 'ConsultaEntity'
Caused by: org.springframework.beans.factory.BeanCreationException: Error creating bean with name 'IConsultaRepository' defined in com.ClinicaOdontologica.Clinica.repository.IConsultaRepository defined in @EnableJpaRepositories declared on JpaRepositoriesRegistrar.EnableJpaRepositoriesConfiguration: Invocation of init method failed; nested exception is org.springframework.data.repository.query.QueryCreationException: Could not create query for public abstract java.util.List com.ClinicaOdontologica.Clinica.repository.IConsultaRepository.findConsultaEntityByDentistaId(java.lang.Integer); Reason: Failed to create query for method public abstract java.util.List com.ClinicaOdontologica.Clinica.repository.IConsultaRepository.findConsultaEntityByDentistaId(java.lang.Integer)! No property 'dentistaId' found for type 'ConsultaEntity'; nested exception is java.lang.IllegalArgumentException: Failed to create query for method public abstract java.util.List com.ClinicaOdontologica.Clinica.repository.IConsultaRepository.findConsultaEntityByDentistaId(java.lang.Integer)! No property 'dentistaId' found for type 'ConsultaEntity'
Caused by: org.springframework.data.repository.query.QueryCreationException: Could not create query for public abstract java.util.List com.ClinicaOdontologica.Clinica.repository.IConsultaRepository.findConsultaEntityByDentistaId(java.lang.Integer); Reason: Failed to create query for method public abstract java.util.List com.ClinicaOdontologica.Clinica.repository.IConsultaRepository.findConsultaEntityByDentistaId(java.lang.Integer)! No property 'dentistaId' found for type 'ConsultaEntity'; nested exception is java.lang.IllegalArgumentException: Failed to create query for method public abstract java.util.List com.ClinicaOdontologica.Clinica.repository.IConsultaRepository.findConsultaEntityByDentistaId(java.lang.Integer)! No property 'dentistaId' found for type 'ConsultaEntity'
Caused by: java.lang.IllegalArgumentException: Failed to create query for method public abstract java.util.List com.ClinicaOdontologica.Clinica.repository.IConsultaRepository.findConsultaEntityByDentistaId(java.lang.Integer)! No property 'dentistaId' found for type 'ConsultaEntity'
Caused by: org.springframework.data.mapping.PropertyReferenceException: No property 'dentistaId' found for type 'ConsultaEntity'

